Flow report for hw2_calculator
Tue Feb 01 00:58:17 2022
Quartus II 64-Bit Version 13.0.1 Build 232 06/12/2013 Service Pack 1 SJ Web Edition


---------------------
; Table of Contents ;
---------------------
  1. Legal Notice
  2. Flow Summary
  3. Flow Settings
  4. Flow Non-Default Global Settings
  5. Flow Elapsed Time
  6. Flow OS Summary
  7. Flow Log
  8. Flow Messages
  9. Flow Suppressed Messages



----------------
; Legal Notice ;
----------------
Copyright (C) 1991-2013 Altera Corporation
Your use of Altera Corporation's design tools, logic functions 
and other software and tools, and its AMPP partner logic 
functions, and any output files from any of the foregoing 
(including device programming or simulation files), and any 
associated documentation or information are expressly subject 
to the terms and conditions of the Altera Program License 
Subscription Agreement, Altera MegaCore Function License 
Agreement, or other applicable license agreement, including, 
without limitation, that your use is for the sole purpose of 
programming logic devices manufactured by Altera and sold by 
Altera or its authorized distributors.  Please refer to the 
applicable agreement for further details.



+--------------------------------------------------------------------------------------+
; Flow Summary                                                                         ;
+------------------------------------+-------------------------------------------------+
; Flow Status                        ; Successful - Tue Feb 01 00:58:02 2022           ;
; Quartus II 64-Bit Version          ; 13.0.1 Build 232 06/12/2013 SP 1 SJ Web Edition ;
; Revision Name                      ; hw2_calculator                                  ;
; Top-level Entity Name              ; calculator                                      ;
; Family                             ; Cyclone IV E                                    ;
; Device                             ; EP4CE22F17C6                                    ;
; Timing Models                      ; Final                                           ;
; Total logic elements               ; 3,568 / 22,320 ( 16 % )                         ;
;     Total combinational functions  ; 2,692 / 22,320 ( 12 % )                         ;
;     Dedicated logic registers      ; 2,369 / 22,320 ( 11 % )                         ;
; Total registers                    ; 2369                                            ;
; Total pins                         ; 21 / 154 ( 14 % )                               ;
; Total virtual pins                 ; 0                                               ;
; Total memory bits                  ; 0 / 608,256 ( 0 % )                             ;
; Embedded Multiplier 9-bit elements ; 0 / 132 ( 0 % )                                 ;
; Total PLLs                         ; 0 / 4 ( 0 % )                                   ;
+------------------------------------+-------------------------------------------------+


+-----------------------------------------+
; Flow Settings                           ;
+-------------------+---------------------+
; Option            ; Setting             ;
+-------------------+---------------------+
; Start date & time ; 02/01/2022 00:56:29 ;
; Main task         ; Compilation         ;
; Revision Name     ; hw2_calculator      ;
+-------------------+---------------------+


+-----------------------------------------------------------------------------------------------------------------+
; Flow Non-Default Global Settings                                                                                ;
+-------------------------------------+-------------------------------+----------------+-------------+------------+
; Assignment Name                     ; Value                         ; Default Value  ; Entity Name ; Section Id ;
+-------------------------------------+-------------------------------+----------------+-------------+------------+
; COMPILER_SIGNATURE_ID               ; 5311883265902.164366618903332 ; --             ; --          ; --         ;
; MAX_CORE_JUNCTION_TEMP              ; 85                            ; --             ; --          ; --         ;
; MIN_CORE_JUNCTION_TEMP              ; 0                             ; --             ; --          ; --         ;
; NOMINAL_CORE_SUPPLY_VOLTAGE         ; 1.2V                          ; --             ; --          ; --         ;
; PARTITION_COLOR                     ; 16764057                      ; --             ; calculator  ; Top        ;
; PARTITION_FITTER_PRESERVATION_LEVEL ; PLACEMENT_AND_ROUTING         ; --             ; calculator  ; Top        ;
; PARTITION_NETLIST_TYPE              ; SOURCE                        ; --             ; calculator  ; Top        ;
; PROJECT_OUTPUT_DIRECTORY            ; output_files                  ; --             ; --          ; --         ;
; TOP_LEVEL_ENTITY                    ; calculator                    ; hw2_calculator ; --          ; --         ;
+-------------------------------------+-------------------------------+----------------+-------------+------------+


+-------------------------------------------------------------------------------------------------------------------------------+
; Flow Elapsed Time                                                                                                             ;
+---------------------------+--------------+-------------------------+---------------------+------------------------------------+
; Module Name               ; Elapsed Time ; Average Processors Used ; Peak Virtual Memory ; Total CPU Time (on all processors) ;
+---------------------------+--------------+-------------------------+---------------------+------------------------------------+
; Analysis & Synthesis      ; 00:00:12     ; 1.0                     ; 4595 MB             ; 00:00:11                           ;
; Fitter                    ; 00:01:17     ; 1.0                     ; 4974 MB             ; 00:01:14                           ;
; Assembler                 ; 00:00:02     ; 1.0                     ; 4559 MB             ; 00:00:02                           ;
; TimeQuest Timing Analyzer ; 00:00:13     ; 1.0                     ; 4671 MB             ; 00:00:13                           ;
; Total                     ; 00:01:44     ; --                      ; --                  ; 00:01:40                           ;
+---------------------------+--------------+-------------------------+---------------------+------------------------------------+


+----------------------------------------------------------------------------------------+
; Flow OS Summary                                                                        ;
+---------------------------+------------------+-----------+------------+----------------+
; Module Name               ; Machine Hostname ; OS Name   ; OS Version ; Processor type ;
+---------------------------+------------------+-----------+------------+----------------+
; Analysis & Synthesis      ; DESKTOP-5JSCLSE  ; Windows 7 ; 6.2        ; x86_64         ;
; Fitter                    ; DESKTOP-5JSCLSE  ; Windows 7 ; 6.2        ; x86_64         ;
; Assembler                 ; DESKTOP-5JSCLSE  ; Windows 7 ; 6.2        ; x86_64         ;
; TimeQuest Timing Analyzer ; DESKTOP-5JSCLSE  ; Windows 7 ; 6.2        ; x86_64         ;
+---------------------------+------------------+-----------+------------+----------------+


------------
; Flow Log ;
------------
quartus_map --read_settings_files=on --write_settings_files=off hw2_calculator -c hw2_calculator
quartus_fit --read_settings_files=off --write_settings_files=off hw2_calculator -c hw2_calculator
quartus_asm --read_settings_files=off --write_settings_files=off hw2_calculator -c hw2_calculator
quartus_sta hw2_calculator -c hw2_calculator



