Analysis & Synthesis report for hw2_calculator
Tue Feb 01 00:56:40 2022
Quartus II 64-Bit Version 13.0.1 Build 232 06/12/2013 Service Pack 1 SJ Web Edition


---------------------
; Table of Contents ;
---------------------
  1. Legal Notice
  2. Analysis & Synthesis Summary
  3. Analysis & Synthesis Settings
  4. Parallel Compilation
  5. Analysis & Synthesis Source Files Read
  6. Analysis & Synthesis Resource Usage Summary
  7. Analysis & Synthesis Resource Utilization by Entity
  8. User-Specified and Inferred Latches
  9. Registers Removed During Synthesis
 10. General Register Statistics
 11. Inverted Register Statistics
 12. Multiplexer Restructuring Statistics (Restructuring Performed)
 13. Port Connectivity Checks: "keypad:kp1"
 14. Elapsed Time Per Partition
 15. Analysis & Synthesis Messages
 16. Analysis & Synthesis Suppressed Messages



----------------
; Legal Notice ;
----------------
Copyright (C) 1991-2013 Altera Corporation
Your use of Altera Corporation's design tools, logic functions 
and other software and tools, and its AMPP partner logic 
functions, and any output files from any of the foregoing 
(including device programming or simulation files), and any 
associated documentation or information are expressly subject 
to the terms and conditions of the Altera Program License 
Subscription Agreement, Altera MegaCore Function License 
Agreement, or other applicable license agreement, including, 
without limitation, that your use is for the sole purpose of 
programming logic devices manufactured by Altera and sold by 
Altera or its authorized distributors.  Please refer to the 
applicable agreement for further details.



+--------------------------------------------------------------------------------------+
; Analysis & Synthesis Summary                                                         ;
+------------------------------------+-------------------------------------------------+
; Analysis & Synthesis Status        ; Successful - Tue Feb 01 00:56:40 2022           ;
; Quartus II 64-Bit Version          ; 13.0.1 Build 232 06/12/2013 SP 1 SJ Web Edition ;
; Revision Name                      ; hw2_calculator                                  ;
; Top-level Entity Name              ; calculator                                      ;
; Family                             ; Cyclone IV E                                    ;
; Total logic elements               ; 4,530                                           ;
;     Total combinational functions  ; 2,692                                           ;
;     Dedicated logic registers      ; 2,369                                           ;
; Total registers                    ; 2369                                            ;
; Total pins                         ; 21                                              ;
; Total virtual pins                 ; 0                                               ;
; Total memory bits                  ; 0                                               ;
; Embedded Multiplier 9-bit elements ; 0                                               ;
; Total PLLs                         ; 0                                               ;
+------------------------------------+-------------------------------------------------+


+----------------------------------------------------------------------------------------------------------------------+
; Analysis & Synthesis Settings                                                                                        ;
+----------------------------------------------------------------------------+--------------------+--------------------+
; Option                                                                     ; Setting            ; Default Value      ;
+----------------------------------------------------------------------------+--------------------+--------------------+
; Device                                                                     ; EP4CE22F17C6       ;                    ;
; Top-level entity name                                                      ; calculator         ; hw2_calculator     ;
; Family name                                                                ; Cyclone IV E       ; Cyclone IV GX      ;
; Use smart compilation                                                      ; Off                ; Off                ;
; Enable parallel Assembler and TimeQuest Timing Analyzer during compilation ; On                 ; On                 ;
; Enable compact report table                                                ; Off                ; Off                ;
; Restructure Multiplexers                                                   ; Auto               ; Auto               ;
; Create Debugging Nodes for IP Cores                                        ; Off                ; Off                ;
; Preserve fewer node names                                                  ; On                 ; On                 ;
; Disable OpenCore Plus hardware evaluation                                  ; Off                ; Off                ;
; Verilog Version                                                            ; Verilog_2001       ; Verilog_2001       ;
; VHDL Version                                                               ; VHDL_1993          ; VHDL_1993          ;
; State Machine Processing                                                   ; Auto               ; Auto               ;
; Safe State Machine                                                         ; Off                ; Off                ;
; Extract Verilog State Machines                                             ; On                 ; On                 ;
; Extract VHDL State Machines                                                ; On                 ; On                 ;
; Ignore Verilog initial constructs                                          ; Off                ; Off                ;
; Iteration limit for constant Verilog loops                                 ; 5000               ; 5000               ;
; Iteration limit for non-constant Verilog loops                             ; 250                ; 250                ;
; Add Pass-Through Logic to Inferred RAMs                                    ; On                 ; On                 ;
; Infer RAMs from Raw Logic                                                  ; On                 ; On                 ;
; Parallel Synthesis                                                         ; On                 ; On                 ;
; DSP Block Balancing                                                        ; Auto               ; Auto               ;
; NOT Gate Push-Back                                                         ; On                 ; On                 ;
; Power-Up Don't Care                                                        ; On                 ; On                 ;
; Remove Redundant Logic Cells                                               ; Off                ; Off                ;
; Remove Duplicate Registers                                                 ; On                 ; On                 ;
; Ignore CARRY Buffers                                                       ; Off                ; Off                ;
; Ignore CASCADE Buffers                                                     ; Off                ; Off                ;
; Ignore GLOBAL Buffers                                                      ; Off                ; Off                ;
; Ignore ROW GLOBAL Buffers                                                  ; Off                ; Off                ;
; Ignore LCELL Buffers                                                       ; Off                ; Off                ;
; Ignore SOFT Buffers                                                        ; On                 ; On                 ;
; Limit AHDL Integers to 32 Bits                                             ; Off                ; Off                ;
; Optimization Technique                                                     ; Balanced           ; Balanced           ;
; Carry Chain Length                                                         ; 70                 ; 70                 ;
; Auto Carry Chains                                                          ; On                 ; On                 ;
; Auto Open-Drain Pins                                                       ; On                 ; On                 ;
; Perform WYSIWYG Primitive Resynthesis                                      ; Off                ; Off                ;
; Auto ROM Replacement                                                       ; On                 ; On                 ;
; Auto RAM Replacement                                                       ; On                 ; On                 ;
; Auto DSP Block Replacement                                                 ; On                 ; On                 ;
; Auto Shift Register Replacement                                            ; Auto               ; Auto               ;
; Allow Shift Register Merging across Hierarchies                            ; Auto               ; Auto               ;
; Auto Clock Enable Replacement                                              ; On                 ; On                 ;
; Strict RAM Replacement                                                     ; Off                ; Off                ;
; Allow Synchronous Control Signals                                          ; On                 ; On                 ;
; Force Use of Synchronous Clear Signals                                     ; Off                ; Off                ;
; Auto RAM Block Balancing                                                   ; On                 ; On                 ;
; Auto RAM to Logic Cell Conversion                                          ; Off                ; Off                ;
; Auto Resource Sharing                                                      ; Off                ; Off                ;
; Allow Any RAM Size For Recognition                                         ; Off                ; Off                ;
; Allow Any ROM Size For Recognition                                         ; Off                ; Off                ;
; Allow Any Shift Register Size For Recognition                              ; Off                ; Off                ;
; Use LogicLock Constraints during Resource Balancing                        ; On                 ; On                 ;
; Ignore translate_off and synthesis_off directives                          ; Off                ; Off                ;
; Timing-Driven Synthesis                                                    ; On                 ; On                 ;
; Report Parameter Settings                                                  ; On                 ; On                 ;
; Report Source Assignments                                                  ; On                 ; On                 ;
; Report Connectivity Checks                                                 ; On                 ; On                 ;
; Ignore Maximum Fan-Out Assignments                                         ; Off                ; Off                ;
; Synchronization Register Chain Length                                      ; 2                  ; 2                  ;
; PowerPlay Power Optimization                                               ; Normal compilation ; Normal compilation ;
; HDL message level                                                          ; Level2             ; Level2             ;
; Suppress Register Optimization Related Messages                            ; Off                ; Off                ;
; Number of Removed Registers Reported in Synthesis Report                   ; 5000               ; 5000               ;
; Number of Swept Nodes Reported in Synthesis Report                         ; 5000               ; 5000               ;
; Number of Inverted Registers Reported in Synthesis Report                  ; 100                ; 100                ;
; Clock MUX Protection                                                       ; On                 ; On                 ;
; Auto Gated Clock Conversion                                                ; Off                ; Off                ;
; Block Design Naming                                                        ; Auto               ; Auto               ;
; SDC constraint protection                                                  ; Off                ; Off                ;
; Synthesis Effort                                                           ; Auto               ; Auto               ;
; Shift Register Replacement - Allow Asynchronous Clear Signal               ; On                 ; On                 ;
; Pre-Mapping Resynthesis Optimization                                       ; Off                ; Off                ;
; Analysis & Synthesis Message Level                                         ; Medium             ; Medium             ;
; Disable Register Merging Across Hierarchies                                ; Auto               ; Auto               ;
; Resource Aware Inference For Block RAM                                     ; On                 ; On                 ;
; Synthesis Seed                                                             ; 1                  ; 1                  ;
+----------------------------------------------------------------------------+--------------------+--------------------+


Parallel compilation was disabled, but you have multiple processors available. Enable parallel compilation to reduce compilation time.
+-------------------------------------+
; Parallel Compilation                ;
+----------------------------+--------+
; Processors                 ; Number ;
+----------------------------+--------+
; Number detected on machine ; 8      ;
; Maximum allowed            ; 1      ;
+----------------------------+--------+


+---------------------------------------------------------------------------------------------------------------------------------------+
; Analysis & Synthesis Source Files Read                                                                                                ;
+----------------------------------+-----------------+------------------------------+-----------------------------------------+---------+
; File Name with User-Entered Path ; Used in Netlist ; File Type                    ; File Name with Absolute Path            ; Library ;
+----------------------------------+-----------------+------------------------------+-----------------------------------------+---------+
; sev_seg.v                        ; yes             ; User Verilog HDL File        ; D:/quartus_projects/hw2/sev_seg.v       ;         ;
; keypad.v                         ; yes             ; User Verilog HDL File        ; D:/quartus_projects/hw2/keypad.v        ;         ;
; bird_cpu.v                       ; yes             ; User Verilog HDL File        ; D:/quartus_projects/hw2/bird_cpu.v      ;         ;
; calculator.v                     ; yes             ; User Verilog HDL File        ; D:/quartus_projects/hw2/calculator.v    ;         ;
; digital_clock.v                  ; yes             ; User Verilog HDL File        ; D:/quartus_projects/hw2/digital_clock.v ;         ;
; ram.dat                          ; yes             ; Auto-Found Unspecified File  ; D:/quartus_projects/hw2/ram.dat         ;         ;
+----------------------------------+-----------------+------------------------------+-----------------------------------------+---------+


+---------------------------------------------------------+
; Analysis & Synthesis Resource Usage Summary             ;
+---------------------------------------------+-----------+
; Resource                                    ; Usage     ;
+---------------------------------------------+-----------+
; Estimated Total logic elements              ; 4,530     ;
;                                             ;           ;
; Total combinational functions               ; 2692      ;
; Logic element usage by number of LUT inputs ;           ;
;     -- 4 input functions                    ; 1998      ;
;     -- 3 input functions                    ; 191       ;
;     -- <=2 input functions                  ; 503       ;
;                                             ;           ;
; Logic elements by mode                      ;           ;
;     -- normal mode                          ; 2569      ;
;     -- arithmetic mode                      ; 123       ;
;                                             ;           ;
; Total registers                             ; 2369      ;
;     -- Dedicated logic registers            ; 2369      ;
;     -- I/O registers                        ; 0         ;
;                                             ;           ;
; I/O pins                                    ; 21        ;
; Embedded Multiplier 9-bit elements          ; 0         ;
; Maximum fan-out node                        ; clk~input ;
; Maximum fan-out                             ; 2271      ;
; Total fan-out                               ; 16231     ;
; Average fan-out                             ; 3.18      ;
+---------------------------------------------+-----------+


+-----------------------------------------------------------------------------------------------------------------------------------------------------------------------------------------+
; Analysis & Synthesis Resource Utilization by Entity                                                                                                                                     ;
+----------------------------+-------------------+--------------+-------------+--------------+---------+-----------+------+--------------+---------------------------------+--------------+
; Compilation Hierarchy Node ; LC Combinationals ; LC Registers ; Memory Bits ; DSP Elements ; DSP 9x9 ; DSP 18x18 ; Pins ; Virtual Pins ; Full Hierarchy Name             ; Library Name ;
+----------------------------+-------------------+--------------+-------------+--------------+---------+-----------+------+--------------+---------------------------------+--------------+
; |calculator                ; 2692 (1990)       ; 2369 (2080)  ; 0           ; 0            ; 0       ; 0         ; 21   ; 0            ; |calculator                     ; work         ;
;    |bird_cpu:br1|          ; 547 (547)         ; 161 (161)    ; 0           ; 0            ; 0       ; 0         ; 0    ; 0            ; |calculator|bird_cpu:br1        ; work         ;
;    |digital_clock:timer|   ; 38 (38)           ; 24 (24)      ; 0           ; 0            ; 0       ; 0         ; 0    ; 0            ; |calculator|digital_clock:timer ; work         ;
;    |keypad:kp1|            ; 83 (83)           ; 97 (97)      ; 0           ; 0            ; 0       ; 0         ; 0    ; 0            ; |calculator|keypad:kp1          ; work         ;
;    |sev_seg:ss1|           ; 34 (34)           ; 7 (7)        ; 0           ; 0            ; 0       ; 0         ; 0    ; 0            ; |calculator|sev_seg:ss1         ; work         ;
+----------------------------+-------------------+--------------+-------------+--------------+---------+-----------+------+--------------+---------------------------------+--------------+
Note: For table entries with two numbers listed, the numbers in parentheses indicate the number of resources of the given type used by the specific entity alone. The numbers listed outside of parentheses indicate the total resources of the given type used by the specific entity and all of its sub-entities in the hierarchy.


+---------------------------------------------------------------------------------------------------+
; User-Specified and Inferred Latches                                                               ;
+----------------------------------------------------+---------------------+------------------------+
; Latch Name                                         ; Latch Enable Signal ; Free of Timing Hazards ;
+----------------------------------------------------+---------------------+------------------------+
; timer_ready                                        ; timer_ready         ; yes                    ;
; statusordata                                       ; data_in[12]         ; yes                    ;
; timer_ack                                          ; timer_ready         ; yes                    ;
; ack                                                ; data_in[12]         ; yes                    ;
; Number of user-specified and inferred latches = 4  ;                     ;                        ;
+----------------------------------------------------+---------------------+------------------------+
Note: All latches listed above may not be present at the end of synthesis due to various synthesis optimizations.


+---------------------------------------------------------------------------------+
; Registers Removed During Synthesis                                              ;
+----------------------------------------+----------------------------------------+
; Register name                          ; Reason for Removal                     ;
+----------------------------------------+----------------------------------------+
; bird_cpu:br1|state[4]                  ; Stuck at GND due to stuck port data_in ;
; sev_seg:ss1|clk1[0]                    ; Merged with keypad:kp1|clk1[0]         ;
; digital_clock:timer|clk1[0]            ; Merged with keypad:kp1|clk1[0]         ;
; digital_clock:timer|clk1[1]            ; Merged with keypad:kp1|clk1[1]         ;
; sev_seg:ss1|clk1[1]                    ; Merged with keypad:kp1|clk1[1]         ;
; digital_clock:timer|clk1[2]            ; Merged with keypad:kp1|clk1[2]         ;
; sev_seg:ss1|clk1[2]                    ; Merged with keypad:kp1|clk1[2]         ;
; digital_clock:timer|clk1[3]            ; Merged with keypad:kp1|clk1[3]         ;
; sev_seg:ss1|clk1[3]                    ; Merged with keypad:kp1|clk1[3]         ;
; digital_clock:timer|clk1[4]            ; Merged with keypad:kp1|clk1[4]         ;
; sev_seg:ss1|clk1[4]                    ; Merged with keypad:kp1|clk1[4]         ;
; digital_clock:timer|clk1[5]            ; Merged with keypad:kp1|clk1[5]         ;
; sev_seg:ss1|clk1[5]                    ; Merged with keypad:kp1|clk1[5]         ;
; digital_clock:timer|clk1[6]            ; Merged with keypad:kp1|clk1[6]         ;
; sev_seg:ss1|clk1[6]                    ; Merged with keypad:kp1|clk1[6]         ;
; digital_clock:timer|clk1[7]            ; Merged with keypad:kp1|clk1[7]         ;
; sev_seg:ss1|clk1[7]                    ; Merged with keypad:kp1|clk1[7]         ;
; digital_clock:timer|clk1[8]            ; Merged with keypad:kp1|clk1[8]         ;
; sev_seg:ss1|clk1[8]                    ; Merged with keypad:kp1|clk1[8]         ;
; digital_clock:timer|clk1[9]            ; Merged with keypad:kp1|clk1[9]         ;
; sev_seg:ss1|clk1[9]                    ; Merged with keypad:kp1|clk1[9]         ;
; digital_clock:timer|clk1[10]           ; Merged with keypad:kp1|clk1[10]        ;
; sev_seg:ss1|clk1[10]                   ; Merged with keypad:kp1|clk1[10]        ;
; digital_clock:timer|clk1[11]           ; Merged with keypad:kp1|clk1[11]        ;
; sev_seg:ss1|clk1[11]                   ; Merged with keypad:kp1|clk1[11]        ;
; digital_clock:timer|clk1[12]           ; Merged with keypad:kp1|clk1[12]        ;
; sev_seg:ss1|clk1[12]                   ; Merged with keypad:kp1|clk1[12]        ;
; digital_clock:timer|clk1[13]           ; Merged with keypad:kp1|clk1[13]        ;
; sev_seg:ss1|clk1[13]                   ; Merged with keypad:kp1|clk1[13]        ;
; digital_clock:timer|clk1[14]           ; Merged with keypad:kp1|clk1[14]        ;
; sev_seg:ss1|clk1[14]                   ; Merged with keypad:kp1|clk1[14]        ;
; keypad:kp1|clk1[16..25]                ; Lost fanout                            ;
; sev_seg:ss1|clk1[16..25]               ; Lost fanout                            ;
; digital_clock:timer|clk1[22..25]       ; Lost fanout                            ;
; Total Number of Removed Registers = 55 ;                                        ;
+----------------------------------------+----------------------------------------+


+------------------------------------------------------+
; General Register Statistics                          ;
+----------------------------------------------+-------+
; Statistic                                    ; Value ;
+----------------------------------------------+-------+
; Total registers                              ; 2369  ;
; Number of registers using Synchronous Clear  ; 0     ;
; Number of registers using Synchronous Load   ; 16    ;
; Number of registers using Asynchronous Clear ; 0     ;
; Number of registers using Asynchronous Load  ; 0     ;
; Number of registers using Clock Enable       ; 2260  ;
; Number of registers using Preset             ; 0     ;
+----------------------------------------------+-------+


+--------------------------------------------------+
; Inverted Register Statistics                     ;
+----------------------------------------+---------+
; Inverted Register                      ; Fan out ;
+----------------------------------------+---------+
; keypad:kp1|rowwrite[1]                 ; 6       ;
; keypad:kp1|rowwrite[2]                 ; 6       ;
; keypad:kp1|rowwrite[3]                 ; 6       ;
; sev_seg:ss1|grounds[1]                 ; 2       ;
; sev_seg:ss1|grounds[2]                 ; 2       ;
; sev_seg:ss1|grounds[3]                 ; 2       ;
; Total number of inverted registers = 6 ;         ;
+----------------------------------------+---------+


+-------------------------------------------------------------------------------------------------------------------------------------------------------+
; Multiplexer Restructuring Statistics (Restructuring Performed)                                                                                        ;
+--------------------+-----------+---------------+----------------------+------------------------+------------+-----------------------------------------+
; Multiplexer Inputs ; Bus Width ; Baseline Area ; Area if Restructured ; Saving if Restructured ; Registered ; Example Multiplexer Output              ;
+--------------------+-----------+---------------+----------------------+------------------------+------------+-----------------------------------------+
; 18:1               ; 16 bits   ; 192 LEs       ; 32 LEs               ; 160 LEs                ; Yes        ; |calculator|bird_cpu:br1|regbank[6][5]  ;
; 18:1               ; 16 bits   ; 192 LEs       ; 32 LEs               ; 160 LEs                ; Yes        ; |calculator|bird_cpu:br1|regbank[5][3]  ;
; 18:1               ; 16 bits   ; 192 LEs       ; 32 LEs               ; 160 LEs                ; Yes        ; |calculator|bird_cpu:br1|regbank[4][13] ;
; 18:1               ; 16 bits   ; 192 LEs       ; 32 LEs               ; 160 LEs                ; Yes        ; |calculator|bird_cpu:br1|regbank[3][5]  ;
; 18:1               ; 16 bits   ; 192 LEs       ; 32 LEs               ; 160 LEs                ; Yes        ; |calculator|bird_cpu:br1|regbank[2][8]  ;
; 18:1               ; 16 bits   ; 192 LEs       ; 32 LEs               ; 160 LEs                ; Yes        ; |calculator|bird_cpu:br1|regbank[1][2]  ;
; 18:1               ; 16 bits   ; 192 LEs       ; 32 LEs               ; 160 LEs                ; Yes        ; |calculator|bird_cpu:br1|regbank[0][2]  ;
; 9:1                ; 16 bits   ; 96 LEs        ; 32 LEs               ; 64 LEs                 ; Yes        ; |calculator|bird_cpu:br1|pc[0]          ;
; 14:1               ; 16 bits   ; 144 LEs       ; 32 LEs               ; 112 LEs                ; Yes        ; |calculator|bird_cpu:br1|regbank[7][15] ;
; 4:1                ; 4 bits    ; 8 LEs         ; 8 LEs                ; 0 LEs                  ; No         ; |calculator|sev_seg:ss1|Mux1            ;
; 8:1                ; 16 bits   ; 80 LEs        ; 80 LEs               ; 0 LEs                  ; No         ; |calculator|bird_cpu:br1|Mux34          ;
; 8:1                ; 16 bits   ; 80 LEs        ; 80 LEs               ; 0 LEs                  ; No         ; |calculator|bird_cpu:br1|Mux22          ;
; 12:1               ; 15 bits   ; 120 LEs       ; 60 LEs               ; 60 LEs                 ; No         ; |calculator|bird_cpu:br1|Mux64          ;
; 4:1                ; 16 bits   ; 32 LEs        ; 32 LEs               ; 0 LEs                  ; No         ; |calculator|bird_cpu:br1|Add4           ;
; 7:1                ; 16 bits   ; 64 LEs        ; 32 LEs               ; 32 LEs                 ; No         ; |calculator|bird_cpu:br1|Selector139    ;
; 6:1                ; 12 bits   ; 48 LEs        ; 48 LEs               ; 0 LEs                  ; No         ; |calculator|data_in[12]                 ;
; 6:1                ; 3 bits    ; 12 LEs        ; 12 LEs               ; 0 LEs                  ; No         ; |calculator|data_in[3]                  ;
; 3:1                ; 16 bits   ; 32 LEs        ; 16 LEs               ; 16 LEs                 ; No         ; |calculator|bird_cpu:br1|Add4           ;
+--------------------+-----------+---------------+----------------------+------------------------+------------+-----------------------------------------+


+----------------------------------------------------------------------------------------------------------------------------------------------------------+
; Port Connectivity Checks: "keypad:kp1"                                                                                                                   ;
+--------+--------+----------+-----------------------------------------------------------------------------------------------------------------------------+
; Port   ; Type   ; Severity ; Details                                                                                                                     ;
+--------+--------+----------+-----------------------------------------------------------------------------------------------------------------------------+
; keyout ; Output ; Warning  ; Output or bidir port (16 bits) is wider than the port expression (4 bits) it drives; bit(s) "keyout[15..4]" have no fanouts ;
+--------+--------+----------+-----------------------------------------------------------------------------------------------------------------------------+


+-------------------------------+
; Elapsed Time Per Partition    ;
+----------------+--------------+
; Partition Name ; Elapsed Time ;
+----------------+--------------+
; Top            ; 00:00:09     ;
+----------------+--------------+


+-------------------------------+
; Analysis & Synthesis Messages ;
+-------------------------------+
Info: *******************************************************************
Info: Running Quartus II 64-Bit Analysis & Synthesis
    Info: Version 13.0.1 Build 232 06/12/2013 Service Pack 1 SJ Web Edition
    Info: Processing started: Tue Feb 01 00:56:28 2022
Info: Command: quartus_map --read_settings_files=on --write_settings_files=off hw2_calculator -c hw2_calculator
Warning (20028): Parallel compilation is not licensed and has been disabled
Info (12021): Found 1 design units, including 1 entities, in source file sev_seg.v
    Info (12023): Found entity 1: sev_seg
Info (12021): Found 1 design units, including 1 entities, in source file keypad.v
    Info (12023): Found entity 1: keypad
Info (12021): Found 1 design units, including 1 entities, in source file bird_cpu.v
    Info (12023): Found entity 1: bird_cpu
Info (12021): Found 1 design units, including 1 entities, in source file calculator.v
    Info (12023): Found entity 1: calculator
Warning (12019): Can't analyze file -- file keypad_2.v is missing
Warning (10261): Verilog HDL Event Control warning at digital_clock.v(8): Event Control contains a complex event expression
Info (12021): Found 1 design units, including 1 entities, in source file digital_clock.v
    Info (12023): Found entity 1: digital_clock
Info (12021): Found 1 design units, including 1 entities, in source file output_files/keypad_2.v
    Info (12023): Found entity 1: keypad_test
Info (12127): Elaborating entity "calculator" for the top level hierarchy
Warning (10240): Verilog HDL Always Construct warning at calculator.v(62): inferring latch(es) for variable "ack", which holds its previous value in one or more paths through the always construct
Warning (10240): Verilog HDL Always Construct warning at calculator.v(62): inferring latch(es) for variable "statusordata", which holds its previous value in one or more paths through the always construct
Warning (10240): Verilog HDL Always Construct warning at calculator.v(62): inferring latch(es) for variable "timer_ready", which holds its previous value in one or more paths through the always construct
Warning (10240): Verilog HDL Always Construct warning at calculator.v(62): inferring latch(es) for variable "timer_ack", which holds its previous value in one or more paths through the always construct
Warning (10850): Verilog HDL warning at calculator.v(113): number of words (81) in memory file does not match the number of elements in the address range [0:128]
Info (10041): Inferred latch for "timer_ack" at calculator.v(68)
Info (10041): Inferred latch for "timer_ready" at calculator.v(68)
Info (10041): Inferred latch for "statusordata" at calculator.v(68)
Info (10041): Inferred latch for "ack" at calculator.v(68)
Info (12128): Elaborating entity "digital_clock" for hierarchy "digital_clock:timer"
Warning (10036): Verilog HDL or VHDL warning at digital_clock.v(6): object "buffer" assigned a value but never read
Warning (10230): Verilog HDL assignment warning at digital_clock.v(12): truncated value with size 32 to match size of target (26)
Warning (10230): Verilog HDL assignment warning at digital_clock.v(28): truncated value with size 32 to match size of target (16)
Info (12128): Elaborating entity "sev_seg" for hierarchy "sev_seg:ss1"
Warning (10230): Verilog HDL assignment warning at sev_seg.v(15): truncated value with size 32 to match size of target (2)
Warning (10230): Verilog HDL assignment warning at sev_seg.v(19): truncated value with size 32 to match size of target (26)
Info (12128): Elaborating entity "keypad" for hierarchy "keypad:kp1"
Warning (10230): Verilog HDL assignment warning at keypad.v(19): truncated value with size 32 to match size of target (26)
Info (12128): Elaborating entity "bird_cpu" for hierarchy "bird_cpu:br1"
Warning (10230): Verilog HDL assignment warning at bird_cpu.v(47): truncated value with size 32 to match size of target (16)
Warning (10230): Verilog HDL assignment warning at bird_cpu.v(53): truncated value with size 32 to match size of target (16)
Warning (10230): Verilog HDL assignment warning at bird_cpu.v(83): truncated value with size 32 to match size of target (16)
Warning (10230): Verilog HDL assignment warning at bird_cpu.v(89): truncated value with size 32 to match size of target (16)
Warning (10230): Verilog HDL assignment warning at bird_cpu.v(102): truncated value with size 32 to match size of target (16)
Warning (10230): Verilog HDL assignment warning at bird_cpu.v(108): truncated value with size 32 to match size of target (16)
Warning (10230): Verilog HDL assignment warning at bird_cpu.v(136): truncated value with size 20 to match size of target (16)
Warning (10230): Verilog HDL assignment warning at bird_cpu.v(150): truncated value with size 32 to match size of target (16)
Warning (10230): Verilog HDL assignment warning at bird_cpu.v(151): truncated value with size 32 to match size of target (16)
Info (276014): Found 1 instances of uninferred RAM logic
    Info (276007): RAM logic "memory" is uninferred due to asynchronous read logic
Critical Warning (127005): Memory depth (256) in the design file differs from memory depth (129) in the Memory Initialization File "D:/quartus_projects/hw2/db/hw2_calculator.ram0_calculator_20ec30b.hdl.mif" -- setting initial value for remaining addresses to 0
Warning (127007): Memory Initialization File or Hexadecimal (Intel-Format) File "D:/quartus_projects/hw2/db/hw2_calculator.ram0_calculator_20ec30b.hdl.mif" contains "don't care" values -- overwriting them with 0s
Warning (12241): 1 hierarchies have connectivity warnings - see the Connectivity Checks report folder
Warning (13012): Latch timer_ready has unsafe behavior
    Warning (13013): Ports D and ENA on the latch are fed by the same signal bird_cpu:br1|pc[7]
Warning (13012): Latch statusordata has unsafe behavior
    Warning (13013): Ports ENA and PRE on the latch are fed by the same signal bird_cpu:br1|pc[7]
Warning (13012): Latch timer_ack has unsafe behavior
    Warning (13013): Ports D and ENA on the latch are fed by the same signal bird_cpu:br1|pc[7]
Warning (13012): Latch ack has unsafe behavior
    Warning (13013): Ports ENA and PRE on the latch are fed by the same signal bird_cpu:br1|pc[7]
Info (286030): Timing-Driven Synthesis is running
Info (17049): 24 registers lost all their fanouts during netlist optimizations.
Info (144001): Generated suppressed messages file D:/quartus_projects/hw2/output_files/hw2_calculator.map.smsg
Info (16010): Generating hard_block partition "hard_block:auto_generated_inst"
    Info (16011): Adding 0 node(s), including 0 DDIO, 0 PLL, 0 transceiver and 0 LCELL
Info (21057): Implemented 4596 device resources after synthesis - the final resource count might be different
    Info (21058): Implemented 6 input pins
    Info (21059): Implemented 15 output pins
    Info (21061): Implemented 4575 logic cells
Info: Quartus II 64-Bit Analysis & Synthesis was successful. 0 errors, 34 warnings
    Info: Peak virtual memory: 4598 megabytes
    Info: Processing ended: Tue Feb 01 00:56:40 2022
    Info: Elapsed time: 00:00:12
    Info: Total CPU time (on all processors): 00:00:12


+------------------------------------------+
; Analysis & Synthesis Suppressed Messages ;
+------------------------------------------+
The suppressed messages can be found in D:/quartus_projects/hw2/output_files/hw2_calculator.map.smsg.


